{"numFailedTestSuites":0,"numFailedTests":0,"numPassedTestSuites":5,"numPassedTests":82,"numPendingTestSuites":0,"numPendingTests":0,"numRuntimeErrorTestSuites":0,"numTodoTests":0,"numTotalTestSuites":5,"numTotalTests":82,"openHandles":[],"snapshot":{"added":0,"didUpdate":false,"failure":false,"filesAdded":0,"filesRemoved":0,"filesRemovedList":[],"filesUnmatched":0,"filesUpdated":0,"matched":0,"total":0,"unchecked":0,"uncheckedKeysByFile":[],"unmatched":0,"updated":0},"startTime":1776851538995,"success":true,"testResults":[{"assertionResults":[{"ancestorTitles":["StudentEnterpriseRegController","GET /my-preferences – Nguyện vọng DN của sinh viên"],"duration":18,"failureDetails":[],"failureMessages":[],"fullName":"StudentEnterpriseRegController GET /my-preferences – Nguyện vọng DN của sinh viên TC-SER-001: Trả về 401 khi không có token","invocations":1,"location":null,"numPassingAsserts":1,"retryReasons":[],"status":"passed","title":"TC-SER-001: Trả về 401 khi không có token"},{"ancestorTitles":["StudentEnterpriseRegController","GET /my-preferences – Nguyện vọng DN của sinh viên"],"duration":9,"failureDetails":[],"failureMessages":[],"fullName":"StudentEnterpriseRegController GET /my-preferences – Nguyện vọng DN của sinh viên TC-SER-002: Trả về danh sách nguyện vọng đã đăng ký của SV","invocations":1,"location":null,"numPassingAsserts":3,"retryReasons":[],"status":"passed","title":"TC-SER-002: Trả về danh sách nguyện vọng đã đăng ký của SV"},{"ancestorTitles":["StudentEnterpriseRegController","GET /my-preferences – Nguyện vọng DN của sinh viên"],"duration":4,"failureDetails":[],"failureMessages":[],"fullName":"StudentEnterpriseRegController GET /my-preferences – Nguyện vọng DN của sinh viên TC-SER-003: Trả về mảng rỗng khi SV chưa có nguyện vọng","invocations":1,"location":null,"numPassingAsserts":2,"retryReasons":[],"status":"passed","title":"TC-SER-003: Trả về mảng rỗng khi SV chưa có nguyện vọng"},{"ancestorTitles":["StudentEnterpriseRegController","POST /preferences – Đăng ký nguyện vọng DN thực tập"],"duration":12,"failureDetails":[],"failureMessages":[],"fullName":"StudentEnterpriseRegController POST /preferences – Đăng ký nguyện vọng DN thực tập TC-SER-004: Trả về 401 khi không có token","invocations":1,"location":null,"numPassingAsserts":1,"retryReasons":[],"status":"passed","title":"TC-SER-004: Trả về 401 khi không có token"},{"ancestorTitles":["StudentEnterpriseRegController","POST /preferences – Đăng ký nguyện vọng DN thực tập"],"duration":4,"failureDetails":[],"failureMessages":[],"fullName":"StudentEnterpriseRegController POST /preferences – Đăng ký nguyện vọng DN thực tập TC-SER-005: Trả về 400 khi thiếu period_id","invocations":1,"location":null,"numPassingAsserts":2,"retryReasons":[],"status":"passed","title":"TC-SER-005: Trả về 400 khi thiếu period_id"},{"ancestorTitles":["StudentEnterpriseRegController","POST /preferences – Đăng ký nguyện vọng DN thực tập"],"duration":3,"failureDetails":[],"failureMessages":[],"fullName":"StudentEnterpriseRegController POST /preferences – Đăng ký nguyện vọng DN thực tập TC-SER-006: Trả về 400 khi preferences là mảng rỗng","invocations":1,"location":null,"numPassingAsserts":2,"retryReasons":[],"status":"passed","title":"TC-SER-006: Trả về 400 khi preferences là mảng rỗng"},{"ancestorTitles":["StudentEnterpriseRegController","POST /preferences – Đăng ký nguyện vọng DN thực tập"],"duration":3,"failureDetails":[],"failureMessages":[],"fullName":"StudentEnterpriseRegController POST /preferences – Đăng ký nguyện vọng DN thực tập TC-SER-007: Trả về 400 khi đăng ký hơn 5 nguyện vọng (tối đa 5)","invocations":1,"location":null,"numPassingAsserts":2,"retryReasons":[],"status":"passed","title":"TC-SER-007: Trả về 400 khi đăng ký hơn 5 nguyện vọng (tối đa 5)"},{"ancestorTitles":["StudentEnterpriseRegController","POST /preferences – Đăng ký nguyện vọng DN thực tập"],"duration":3,"failureDetails":[],"failureMessages":[],"fullName":"StudentEnterpriseRegController POST /preferences – Đăng ký nguyện vọng DN thực tập TC-SER-008: Trả về 400 khi đợt không active hoặc không tồn tại","invocations":1,"location":null,"numPassingAsserts":2,"retryReasons":[],"status":"passed","title":"TC-SER-008: Trả về 400 khi đợt không active hoặc không tồn tại"},{"ancestorTitles":["StudentEnterpriseRegController","POST /preferences – Đăng ký nguyện vọng DN thực tập"],"duration":5,"failureDetails":[],"failureMessages":[],"fullName":"StudentEnterpriseRegController POST /preferences – Đăng ký nguyện vọng DN thực tập TC-SER-009: Trả về 400 khi hiện tại ngoài thời gian đăng ký","invocations":1,"location":null,"numPassingAsserts":2,"retryReasons":[],"status":"passed","title":"TC-SER-009: Trả về 400 khi hiện tại ngoài thời gian đăng ký"},{"ancestorTitles":["StudentEnterpriseRegController","POST /preferences – Đăng ký nguyện vọng DN thực tập"],"duration":3,"failureDetails":[],"failureMessages":[],"fullName":"StudentEnterpriseRegController POST /preferences – Đăng ký nguyện vọng DN thực tập TC-SER-010: Trả về 400 khi SV chưa đăng ký GVHD","invocations":1,"location":null,"numPassingAsserts":2,"retryReasons":[],"status":"passed","title":"TC-SER-010: Trả về 400 khi SV chưa đăng ký GVHD"},{"ancestorTitles":["StudentEnterpriseRegController","POST /preferences – Đăng ký nguyện vọng DN thực tập"],"duration":3,"failureDetails":[],"failureMessages":[],"fullName":"StudentEnterpriseRegController POST /preferences – Đăng ký nguyện vọng DN thực tập TC-SER-011: Trả về 400 khi SV đã đăng ký nguyện vọng trong đợt này rồi","invocations":1,"location":null,"numPassingAsserts":2,"retryReasons":[],"status":"passed","title":"TC-SER-011: Trả về 400 khi SV đã đăng ký nguyện vọng trong đợt này rồi"},{"ancestorTitles":["StudentEnterpriseRegController","POST /preferences – Đăng ký nguyện vọng DN thực tập"],"duration":3,"failureDetails":[],"failureMessages":[],"fullName":"StudentEnterpriseRegController POST /preferences – Đăng ký nguyện vọng DN thực tập TC-SER-012: Trả về 400 khi thứ tự nguyện vọng không tuần tự (1, 3 thay vì 1, 2)","invocations":1,"location":null,"numPassingAsserts":2,"retryReasons":[],"status":"passed","title":"TC-SER-012: Trả về 400 khi thứ tự nguyện vọng không tuần tự (1, 3 thay vì 1, 2)"},{"ancestorTitles":["StudentEnterpriseRegController","POST /preferences – Đăng ký nguyện vọng DN thực tập"],"duration":29,"failureDetails":[],"failureMessages":[],"fullName":"StudentEnterpriseRegController POST /preferences – Đăng ký nguyện vọng DN thực tập TC-SER-013: Trả về lỗi khi DN không tồn tại hoặc không active trong đợt","invocations":1,"location":null,"numPassingAsserts":3,"retryReasons":[],"status":"passed","title":"TC-SER-013: Trả về lỗi khi DN không tồn tại hoặc không active trong đợt"},{"ancestorTitles":["StudentEnterpriseRegController","POST /preferences – Đăng ký nguyện vọng DN thực tập"],"duration":3,"failureDetails":[],"failureMessages":[],"fullName":"StudentEnterpriseRegController POST /preferences – Đăng ký nguyện vọng DN thực tập TC-SER-014: Trả về lỗi khi DN đã hết slot","invocations":1,"location":null,"numPassingAsserts":3,"retryReasons":[],"status":"passed","title":"TC-SER-014: Trả về lỗi khi DN đã hết slot"},{"ancestorTitles":["StudentEnterpriseRegController","POST /preferences – Đăng ký nguyện vọng DN thực tập"],"duration":4,"failureDetails":[],"failureMessages":[],"fullName":"StudentEnterpriseRegController POST /preferences – Đăng ký nguyện vọng DN thực tập TC-SER-015: Đăng ký 1 nguyện vọng thành công – trả về 201","invocations":1,"location":null,"numPassingAsserts":3,"retryReasons":[],"status":"passed","title":"TC-SER-015: Đăng ký 1 nguyện vọng thành công – trả về 201"},{"ancestorTitles":["StudentEnterpriseRegController","POST /preferences – Đăng ký nguyện vọng DN thực tập"],"duration":4,"failureDetails":[],"failureMessages":[],"fullName":"StudentEnterpriseRegController POST /preferences – Đăng ký nguyện vọng DN thực tập TC-SER-016: Đăng ký 3 nguyện vọng theo thứ tự 1-2-3 thành công","invocations":1,"location":null,"numPassingAsserts":3,"retryReasons":[],"status":"passed","title":"TC-SER-016: Đăng ký 3 nguyện vọng theo thứ tự 1-2-3 thành công"},{"ancestorTitles":["StudentEnterpriseRegController","PUT /preference/:id/status – Admin duyệt/từ chối nguyện vọng"],"duration":4,"failureDetails":[],"failureMessages":[],"fullName":"StudentEnterpriseRegController PUT /preference/:id/status – Admin duyệt/từ chối nguyện vọng TC-SER-017: Trả về 400 khi status không hợp lệ","invocations":1,"location":null,"numPassingAsserts":2,"retryReasons":[],"status":"passed","title":"TC-SER-017: Trả về 400 khi status không hợp lệ"},{"ancestorTitles":["StudentEnterpriseRegController","PUT /preference/:id/status – Admin duyệt/từ chối nguyện vọng"],"duration":3,"failureDetails":[],"failureMessages":[],"fullName":"StudentEnterpriseRegController PUT /preference/:id/status – Admin duyệt/từ chối nguyện vọng TC-SER-018: Trả về 404 khi nguyện vọng không tồn tại","invocations":1,"location":null,"numPassingAsserts":2,"retryReasons":[],"status":"passed","title":"TC-SER-018: Trả về 404 khi nguyện vọng không tồn tại"},{"ancestorTitles":["StudentEnterpriseRegController","PUT /preference/:id/status – Admin duyệt/từ chối nguyện vọng"],"duration":3,"failureDetails":[],"failureMessages":[],"fullName":"StudentEnterpriseRegController PUT /preference/:id/status – Admin duyệt/từ chối nguyện vọng TC-SER-019: Duyệt nguyện vọng thành công – auto-reject others + tăng slot DN + COMMIT","invocations":1,"location":null,"numPassingAsserts":3,"retryReasons":[],"status":"passed","title":"TC-SER-019: Duyệt nguyện vọng thành công – auto-reject others + tăng slot DN + COMMIT"},{"ancestorTitles":["StudentEnterpriseRegController","PUT /preference/:id/status – Admin duyệt/từ chối nguyện vọng"],"duration":3,"failureDetails":[],"failureMessages":[],"fullName":"StudentEnterpriseRegController PUT /preference/:id/status – Admin duyệt/từ chối nguyện vọng TC-SER-020: Duyệt nguyện vọng – DN hết slot → 400 + ROLLBACK","invocations":1,"location":null,"numPassingAsserts":3,"retryReasons":[],"status":"passed","title":"TC-SER-020: Duyệt nguyện vọng – DN hết slot → 400 + ROLLBACK"},{"ancestorTitles":["StudentEnterpriseRegController","PUT /preference/:id/status – Admin duyệt/từ chối nguyện vọng"],"duration":3,"failureDetails":[],"failureMessages":[],"fullName":"StudentEnterpriseRegController PUT /preference/:id/status – Admin duyệt/từ chối nguyện vọng TC-SER-021: Từ chối nguyện vọng đã được duyệt – giảm slot DN + COMMIT","invocations":1,"location":null,"numPassingAsserts":3,"retryReasons":[],"status":"passed","title":"TC-SER-021: Từ chối nguyện vọng đã được duyệt – giảm slot DN + COMMIT"}],"endTime":1776851539675,"message":"","name":"C:\\Users\\ADMIN\\information_portal\\server\\tests\\studentEnterpriseRegController.test.js","startTime":1776851539023,"status":"passed","summary":""},{"assertionResults":[{"ancestorTitles":["StudentLecturerRegController","GET /my-lecturer – Đăng ký GVHD của sinh viên"],"duration":5,"failureDetails":[],"failureMessages":[],"fullName":"StudentLecturerRegController GET /my-lecturer – Đăng ký GVHD của sinh viên TC-SLR-001: Trả về 401 khi không có token","invocations":1,"location":null,"numPassingAsserts":1,"retryReasons":[],"status":"passed","title":"TC-SLR-001: Trả về 401 khi không có token"},{"ancestorTitles":["StudentLecturerRegController","GET /my-lecturer – Đăng ký GVHD của sinh viên"],"duration":4,"failureDetails":[],"failureMessages":[],"fullName":"StudentLecturerRegController GET /my-lecturer – Đăng ký GVHD của sinh viên TC-SLR-002: Trả về danh sách đăng ký GVHD của sinh viên hiện tại","invocations":1,"location":null,"numPassingAsserts":3,"retryReasons":[],"status":"passed","title":"TC-SLR-002: Trả về danh sách đăng ký GVHD của sinh viên hiện tại"},{"ancestorTitles":["StudentLecturerRegController","GET /my-lecturer – Đăng ký GVHD của sinh viên"],"duration":3,"failureDetails":[],"failureMessages":[],"fullName":"StudentLecturerRegController GET /my-lecturer – Đăng ký GVHD của sinh viên TC-SLR-003: Trả về mảng rỗng khi SV chưa đăng ký GVHD","invocations":1,"location":null,"numPassingAsserts":2,"retryReasons":[],"status":"passed","title":"TC-SLR-003: Trả về mảng rỗng khi SV chưa đăng ký GVHD"},{"ancestorTitles":["StudentLecturerRegController","POST /lecturer – Đăng ký giảng viên hướng dẫn"],"duration":4,"failureDetails":[],"failureMessages":[],"fullName":"StudentLecturerRegController POST /lecturer – Đăng ký giảng viên hướng dẫn TC-SLR-004: Trả về 401 khi không có token","invocations":1,"location":null,"numPassingAsserts":1,"retryReasons":[],"status":"passed","title":"TC-SLR-004: Trả về 401 khi không có token"},{"ancestorTitles":["StudentLecturerRegController","POST /lecturer – Đăng ký giảng viên hướng dẫn"],"duration":3,"failureDetails":[],"failureMessages":[],"fullName":"StudentLecturerRegController POST /lecturer – Đăng ký giảng viên hướng dẫn TC-SLR-005: Trả về 400 khi thiếu period_id","invocations":1,"location":null,"numPassingAsserts":2,"retryReasons":[],"status":"passed","title":"TC-SLR-005: Trả về 400 khi thiếu period_id"},{"ancestorTitles":["StudentLecturerRegController","POST /lecturer – Đăng ký giảng viên hướng dẫn"],"duration":2,"failureDetails":[],"failureMessages":[],"fullName":"StudentLecturerRegController POST /lecturer – Đăng ký giảng viên hướng dẫn TC-SLR-006: Trả về 400 khi thiếu lecturer_id","invocations":1,"location":null,"numPassingAsserts":2,"retryReasons":[],"status":"passed","title":"TC-SLR-006: Trả về 400 khi thiếu lecturer_id"},{"ancestorTitles":["StudentLecturerRegController","POST /lecturer – Đăng ký giảng viên hướng dẫn"],"duration":4,"failureDetails":[],"failureMessages":[],"fullName":"StudentLecturerRegController POST /lecturer – Đăng ký giảng viên hướng dẫn TC-SLR-007: Trả về 400 khi đợt không tồn tại hoặc không active","invocations":1,"location":null,"numPassingAsserts":2,"retryReasons":[],"status":"passed","title":"TC-SLR-007: Trả về 400 khi đợt không tồn tại hoặc không active"},{"ancestorTitles":["StudentLecturerRegController","POST /lecturer – Đăng ký giảng viên hướng dẫn"],"duration":3,"failureDetails":[],"failureMessages":[],"fullName":"StudentLecturerRegController POST /lecturer – Đăng ký giảng viên hướng dẫn TC-SLR-008: Trả về 400 khi hiện tại ngoài thời gian đăng ký của đợt","invocations":1,"location":null,"numPassingAsserts":2,"retryReasons":[],"status":"passed","title":"TC-SLR-008: Trả về 400 khi hiện tại ngoài thời gian đăng ký của đợt"},{"ancestorTitles":["StudentLecturerRegController","POST /lecturer – Đăng ký giảng viên hướng dẫn"],"duration":3,"failureDetails":[],"failureMessages":[],"fullName":"StudentLecturerRegController POST /lecturer – Đăng ký giảng viên hướng dẫn TC-SLR-009: Trả về 400 khi GVHD không được phép hướng dẫn trong đợt này","invocations":1,"location":null,"numPassingAsserts":2,"retryReasons":[],"status":"passed","title":"TC-SLR-009: Trả về 400 khi GVHD không được phép hướng dẫn trong đợt này"},{"ancestorTitles":["StudentLecturerRegController","POST /lecturer – Đăng ký giảng viên hướng dẫn"],"duration":3,"failureDetails":[],"failureMessages":[],"fullName":"StudentLecturerRegController POST /lecturer – Đăng ký giảng viên hướng dẫn TC-SLR-010: Trả về 400 khi GVHD đã hết slot nhận sinh viên","invocations":1,"location":null,"numPassingAsserts":2,"retryReasons":[],"status":"passed","title":"TC-SLR-010: Trả về 400 khi GVHD đã hết slot nhận sinh viên"},{"ancestorTitles":["StudentLecturerRegController","POST /lecturer – Đăng ký giảng viên hướng dẫn"],"duration":3,"failureDetails":[],"failureMessages":[],"fullName":"StudentLecturerRegController POST /lecturer – Đăng ký giảng viên hướng dẫn TC-SLR-011: Trả về 400 khi sinh viên đăng ký lại cùng giảng viên đã đăng ký","invocations":1,"location":null,"numPassingAsserts":2,"retryReasons":[],"status":"passed","title":"TC-SLR-011: Trả về 400 khi sinh viên đăng ký lại cùng giảng viên đã đăng ký"},{"ancestorTitles":["StudentLecturerRegController","POST /lecturer – Đăng ký giảng viên hướng dẫn"],"duration":3,"failureDetails":[],"failureMessages":[],"fullName":"StudentLecturerRegController POST /lecturer – Đăng ký giảng viên hướng dẫn TC-SLR-012: Đăng ký GVHD MỚI thành công – trả về 201","invocations":1,"location":null,"numPassingAsserts":3,"retryReasons":[],"status":"passed","title":"TC-SLR-012: Đăng ký GVHD MỚI thành công – trả về 201"},{"ancestorTitles":["StudentLecturerRegController","POST /lecturer – Đăng ký giảng viên hướng dẫn"],"duration":13,"failureDetails":[],"failureMessages":[],"fullName":"StudentLecturerRegController POST /lecturer – Đăng ký giảng viên hướng dẫn TC-SLR-017: Đổi GVHD – DB lỗi giữa transaction → ROLLBACK","invocations":1,"location":null,"numPassingAsserts":2,"retryReasons":[],"status":"passed","title":"TC-SLR-017: Đổi GVHD – DB lỗi giữa transaction → ROLLBACK"},{"ancestorTitles":["StudentLecturerRegController","POST /lecturer – Đăng ký giảng viên hướng dẫn"],"duration":3,"failureDetails":[],"failureMessages":[],"fullName":"StudentLecturerRegController POST /lecturer – Đăng ký giảng viên hướng dẫn TC-SLR-013: ĐỔI GVHD sang giảng viên khác thành công – trả về 200","invocations":1,"location":null,"numPassingAsserts":3,"retryReasons":[],"status":"passed","title":"TC-SLR-013: ĐỔI GVHD sang giảng viên khác thành công – trả về 200"},{"ancestorTitles":["StudentLecturerRegController","PUT /lecturer/:id/status – Admin cập nhật trạng thái đăng ký GVHD"],"duration":3,"failureDetails":[],"failureMessages":[],"fullName":"StudentLecturerRegController PUT /lecturer/:id/status – Admin cập nhật trạng thái đăng ký GVHD TC-SLR-014: Trả về 400 khi status không hợp lệ","invocations":1,"location":null,"numPassingAsserts":2,"retryReasons":[],"status":"passed","title":"TC-SLR-014: Trả về 400 khi status không hợp lệ"},{"ancestorTitles":["StudentLecturerRegController","PUT /lecturer/:id/status – Admin cập nhật trạng thái đăng ký GVHD"],"duration":2,"failureDetails":[],"failureMessages":[],"fullName":"StudentLecturerRegController PUT /lecturer/:id/status – Admin cập nhật trạng thái đăng ký GVHD TC-SLR-015: Cập nhật trạng thái approved thành công","invocations":1,"location":null,"numPassingAsserts":2,"retryReasons":[],"status":"passed","title":"TC-SLR-015: Cập nhật trạng thái approved thành công"},{"ancestorTitles":["StudentLecturerRegController","PUT /lecturer/:id/status – Admin cập nhật trạng thái đăng ký GVHD"],"duration":3,"failureDetails":[],"failureMessages":[],"fullName":"StudentLecturerRegController PUT /lecturer/:id/status – Admin cập nhật trạng thái đăng ký GVHD TC-SLR-016: Cập nhật trạng thái rejected thành công","invocations":1,"location":null,"numPassingAsserts":2,"retryReasons":[],"status":"passed","title":"TC-SLR-016: Cập nhật trạng thái rejected thành công"}],"endTime":1776851539900,"message":"","name":"C:\\Users\\ADMIN\\information_portal\\server\\tests\\studentLecturerRegController.test.js","startTime":1776851539697,"status":"passed","summary":""},{"assertionResults":[{"ancestorTitles":["InternshipPeriodController","GET / – Danh sách đợt đăng ký"],"duration":3,"failureDetails":[],"failureMessages":[],"fullName":"InternshipPeriodController GET / – Danh sách đợt đăng ký TC-IP-001: Trả về mảng đợt TT khi tồn tại dữ liệu","invocations":1,"location":null,"numPassingAsserts":3,"retryReasons":[],"status":"passed","title":"TC-IP-001: Trả về mảng đợt TT khi tồn tại dữ liệu"},{"ancestorTitles":["InternshipPeriodController","GET / – Danh sách đợt đăng ký"],"duration":3,"failureDetails":[],"failureMessages":[],"fullName":"InternshipPeriodController GET / – Danh sách đợt đăng ký TC-IP-002: Trả về mảng rỗng khi không có đợt nào","invocations":1,"location":null,"numPassingAsserts":2,"retryReasons":[],"status":"passed","title":"TC-IP-002: Trả về mảng rỗng khi không có đợt nào"},{"ancestorTitles":["InternshipPeriodController","GET /active – Đợt đang hoạt động"],"duration":2,"failureDetails":[],"failureMessages":[],"fullName":"InternshipPeriodController GET /active – Đợt đang hoạt động TC-IP-003: Trả về đợt active khi tồn tại","invocations":1,"location":null,"numPassingAsserts":3,"retryReasons":[],"status":"passed","title":"TC-IP-003: Trả về đợt active khi tồn tại"},{"ancestorTitles":["InternshipPeriodController","GET /active – Đợt đang hoạt động"],"duration":2,"failureDetails":[],"failureMessages":[],"fullName":"InternshipPeriodController GET /active – Đợt đang hoạt động TC-IP-004: Trả về 404 khi không có đợt nào active","invocations":1,"location":null,"numPassingAsserts":3,"retryReasons":[],"status":"passed","title":"TC-IP-004: Trả về 404 khi không có đợt nào active"},{"ancestorTitles":["InternshipPeriodController","GET /:id – Chi tiết đợt đăng ký"],"duration":2,"failureDetails":[],"failureMessages":[],"fullName":"InternshipPeriodController GET /:id – Chi tiết đợt đăng ký TC-IP-005: Trả về đợt TT khi ID tồn tại","invocations":1,"location":null,"numPassingAsserts":3,"retryReasons":[],"status":"passed","title":"TC-IP-005: Trả về đợt TT khi ID tồn tại"},{"ancestorTitles":["InternshipPeriodController","GET /:id – Chi tiết đợt đăng ký"],"duration":2,"failureDetails":[],"failureMessages":[],"fullName":"InternshipPeriodController GET /:id – Chi tiết đợt đăng ký TC-IP-006: Trả về 404 khi ID không tồn tại","invocations":1,"location":null,"numPassingAsserts":2,"retryReasons":[],"status":"passed","title":"TC-IP-006: Trả về 404 khi ID không tồn tại"},{"ancestorTitles":["InternshipPeriodController","POST / – Tạo đợt TT mới (Admin)"],"duration":5,"failureDetails":[],"failureMessages":[],"fullName":"InternshipPeriodController POST / – Tạo đợt TT mới (Admin) TC-IP-007: Trả về 401 khi không có token xác thực","invocations":1,"location":null,"numPassingAsserts":1,"retryReasons":[],"status":"passed","title":"TC-IP-007: Trả về 401 khi không có token xác thực"},{"ancestorTitles":["InternshipPeriodController","POST / – Tạo đợt TT mới (Admin)"],"duration":3,"failureDetails":[],"failureMessages":[],"fullName":"InternshipPeriodController POST / – Tạo đợt TT mới (Admin) TC-IP-008: Trả về 403 khi token không phải admin","invocations":1,"location":null,"numPassingAsserts":1,"retryReasons":[],"status":"passed","title":"TC-IP-008: Trả về 403 khi token không phải admin"},{"ancestorTitles":["InternshipPeriodController","POST / – Tạo đợt TT mới (Admin)"],"duration":3,"failureDetails":[],"failureMessages":[],"fullName":"InternshipPeriodController POST / – Tạo đợt TT mới (Admin) TC-IP-009: Trả về 400 khi end_date trước start_date","invocations":1,"location":null,"numPassingAsserts":2,"retryReasons":[],"status":"passed","title":"TC-IP-009: Trả về 400 khi end_date trước start_date"},{"ancestorTitles":["InternshipPeriodController","POST / – Tạo đợt TT mới (Admin)"],"duration":5,"failureDetails":[],"failureMessages":[],"fullName":"InternshipPeriodController POST / – Tạo đợt TT mới (Admin) TC-IP-010: Trả về 400 khi end_date bằng start_date","invocations":1,"location":null,"numPassingAsserts":2,"retryReasons":[],"status":"passed","title":"TC-IP-010: Trả về 400 khi end_date bằng start_date"},{"ancestorTitles":["InternshipPeriodController","POST / – Tạo đợt TT mới (Admin)"],"duration":3,"failureDetails":[],"failureMessages":[],"fullName":"InternshipPeriodController POST / – Tạo đợt TT mới (Admin) TC-IP-011: Trả về 400 khi định dạng ngày không hợp lệ","invocations":1,"location":null,"numPassingAsserts":2,"retryReasons":[],"status":"passed","title":"TC-IP-011: Trả về 400 khi định dạng ngày không hợp lệ"},{"ancestorTitles":["InternshipPeriodController","POST / – Tạo đợt TT mới (Admin)"],"duration":17,"failureDetails":[],"failureMessages":[],"fullName":"InternshipPeriodController POST / – Tạo đợt TT mới (Admin) TC-IP-012: Trả về 400 khi thời gian trùng với đợt đang tồn tại","invocations":1,"location":null,"numPassingAsserts":3,"retryReasons":[],"status":"passed","title":"TC-IP-012: Trả về 400 khi thời gian trùng với đợt đang tồn tại"},{"ancestorTitles":["InternshipPeriodController","POST / – Tạo đợt TT mới (Admin)"],"duration":4,"failureDetails":[],"failureMessages":[],"fullName":"InternshipPeriodController POST / – Tạo đợt TT mới (Admin) TC-IP-013: Tạo đợt TT thành công với dữ liệu hợp lệ (is_active=false)","invocations":1,"location":null,"numPassingAsserts":3,"retryReasons":[],"status":"passed","title":"TC-IP-013: Tạo đợt TT thành công với dữ liệu hợp lệ (is_active=false)"},{"ancestorTitles":["InternshipPeriodController","POST / – Tạo đợt TT mới (Admin)"],"duration":4,"failureDetails":[],"failureMessages":[],"fullName":"InternshipPeriodController POST / – Tạo đợt TT mới (Admin) TC-IP-014: Tạo đợt với is_active=true sẽ tắt tất cả đợt khác","invocations":1,"location":null,"numPassingAsserts":2,"retryReasons":[],"status":"passed","title":"TC-IP-014: Tạo đợt với is_active=true sẽ tắt tất cả đợt khác"},{"ancestorTitles":["InternshipPeriodController","PUT /:id – Cập nhật đợt TT (Admin)"],"duration":3,"failureDetails":[],"failureMessages":[],"fullName":"InternshipPeriodController PUT /:id – Cập nhật đợt TT (Admin) TC-IP-015: Trả về 400 khi end_date <= start_date khi cập nhật","invocations":1,"location":null,"numPassingAsserts":2,"retryReasons":[],"status":"passed","title":"TC-IP-015: Trả về 400 khi end_date <= start_date khi cập nhật"},{"ancestorTitles":["InternshipPeriodController","PUT /:id – Cập nhật đợt TT (Admin)"],"duration":2,"failureDetails":[],"failureMessages":[],"fullName":"InternshipPeriodController PUT /:id – Cập nhật đợt TT (Admin) TC-IP-016: Trả về 400 khi thời gian trùng với đợt KHÁC (không tính đợt hiện tại)","invocations":1,"location":null,"numPassingAsserts":2,"retryReasons":[],"status":"passed","title":"TC-IP-016: Trả về 400 khi thời gian trùng với đợt KHÁC (không tính đợt hiện tại)"},{"ancestorTitles":["InternshipPeriodController","PUT /:id – Cập nhật đợt TT (Admin)"],"duration":3,"failureDetails":[],"failureMessages":[],"fullName":"InternshipPeriodController PUT /:id – Cập nhật đợt TT (Admin) TC-IP-017: Cập nhật đợt TT thành công","invocations":1,"location":null,"numPassingAsserts":2,"retryReasons":[],"status":"passed","title":"TC-IP-017: Cập nhật đợt TT thành công"},{"ancestorTitles":["InternshipPeriodController","PUT /:id – Cập nhật đợt TT (Admin)"],"duration":2,"failureDetails":[],"failureMessages":[],"fullName":"InternshipPeriodController PUT /:id – Cập nhật đợt TT (Admin) TC-IP-021: Cập nhật đợt TT với is_active=true sẽ tắt tất cả đợt khác","invocations":1,"location":null,"numPassingAsserts":2,"retryReasons":[],"status":"passed","title":"TC-IP-021: Cập nhật đợt TT với is_active=true sẽ tắt tất cả đợt khác"},{"ancestorTitles":["InternshipPeriodController","DELETE /:id – Xóa đợt TT (Admin)"],"duration":2,"failureDetails":[],"failureMessages":[],"fullName":"InternshipPeriodController DELETE /:id – Xóa đợt TT (Admin) TC-IP-018: Trả về 401 khi không có token khi xóa","invocations":1,"location":null,"numPassingAsserts":1,"retryReasons":[],"status":"passed","title":"TC-IP-018: Trả về 401 khi không có token khi xóa"},{"ancestorTitles":["InternshipPeriodController","DELETE /:id – Xóa đợt TT (Admin)"],"duration":3,"failureDetails":[],"failureMessages":[],"fullName":"InternshipPeriodController DELETE /:id – Xóa đợt TT (Admin) TC-IP-019: Xóa đợt TT thành công khi là admin","invocations":1,"location":null,"numPassingAsserts":2,"retryReasons":[],"status":"passed","title":"TC-IP-019: Xóa đợt TT thành công khi là admin"},{"ancestorTitles":["InternshipPeriodController","DELETE /:id – Xóa đợt TT (Admin)"],"duration":3,"failureDetails":[],"failureMessages":[],"fullName":"InternshipPeriodController DELETE /:id – Xóa đợt TT (Admin) TC-IP-020: Trả về 403 khi student cố xóa đợt","invocations":1,"location":null,"numPassingAsserts":1,"retryReasons":[],"status":"passed","title":"TC-IP-020: Trả về 403 khi student cố xóa đợt"}],"endTime":1776851540075,"message":"","name":"C:\\Users\\ADMIN\\information_portal\\server\\tests\\internshipPeriodController.test.js","startTime":1776851539918,"status":"passed","summary":""},{"assertionResults":[{"ancestorTitles":["LecturerPeriodController","GET / – Danh sách GVHD theo đợt"],"duration":3,"failureDetails":[],"failureMessages":[],"fullName":"LecturerPeriodController GET / – Danh sách GVHD theo đợt TC-LP-001: Trả về 400 khi thiếu period_id","invocations":1,"location":null,"numPassingAsserts":2,"retryReasons":[],"status":"passed","title":"TC-LP-001: Trả về 400 khi thiếu period_id"},{"ancestorTitles":["LecturerPeriodController","GET / – Danh sách GVHD theo đợt"],"duration":2,"failureDetails":[],"failureMessages":[],"fullName":"LecturerPeriodController GET / – Danh sách GVHD theo đợt TC-LP-002: Trả về danh sách GVHD đầy đủ cho period_id hợp lệ","invocations":1,"location":null,"numPassingAsserts":3,"retryReasons":[],"status":"passed","title":"TC-LP-002: Trả về danh sách GVHD đầy đủ cho period_id hợp lệ"},{"ancestorTitles":["LecturerPeriodController","GET / – Danh sách GVHD theo đợt"],"duration":2,"failureDetails":[],"failureMessages":[],"fullName":"LecturerPeriodController GET / – Danh sách GVHD theo đợt TC-LP-003: Lọc theo can_guide=true, chỉ trả về GVHD được phép hướng dẫn","invocations":1,"location":null,"numPassingAsserts":2,"retryReasons":[],"status":"passed","title":"TC-LP-003: Lọc theo can_guide=true, chỉ trả về GVHD được phép hướng dẫn"},{"ancestorTitles":["LecturerPeriodController","GET / – Danh sách GVHD theo đợt"],"duration":2,"failureDetails":[],"failureMessages":[],"fullName":"LecturerPeriodController GET / – Danh sách GVHD theo đợt TC-LP-004: Lọc theo can_guide=false, chỉ trả về GVHD không hướng dẫn","invocations":1,"location":null,"numPassingAsserts":2,"retryReasons":[],"status":"passed","title":"TC-LP-004: Lọc theo can_guide=false, chỉ trả về GVHD không hướng dẫn"},{"ancestorTitles":["LecturerPeriodController","GET /available – GVHD còn slot hướng dẫn"],"duration":2,"failureDetails":[],"failureMessages":[],"fullName":"LecturerPeriodController GET /available – GVHD còn slot hướng dẫn TC-LP-005: Trả về 400 khi thiếu period_id","invocations":1,"location":null,"numPassingAsserts":2,"retryReasons":[],"status":"passed","title":"TC-LP-005: Trả về 400 khi thiếu period_id"},{"ancestorTitles":["LecturerPeriodController","GET /available – GVHD còn slot hướng dẫn"],"duration":2,"failureDetails":[],"failureMessages":[],"fullName":"LecturerPeriodController GET /available – GVHD còn slot hướng dẫn TC-LP-006: Trả về danh sách GVHD còn slot khi có dữ liệu","invocations":1,"location":null,"numPassingAsserts":3,"retryReasons":[],"status":"passed","title":"TC-LP-006: Trả về danh sách GVHD còn slot khi có dữ liệu"},{"ancestorTitles":["LecturerPeriodController","GET /available – GVHD còn slot hướng dẫn"],"duration":1,"failureDetails":[],"failureMessages":[],"fullName":"LecturerPeriodController GET /available – GVHD còn slot hướng dẫn TC-LP-007: Trả về mảng rỗng khi tất cả GVHD đã đầy slot","invocations":1,"location":null,"numPassingAsserts":2,"retryReasons":[],"status":"passed","title":"TC-LP-007: Trả về mảng rỗng khi tất cả GVHD đã đầy slot"},{"ancestorTitles":["LecturerPeriodController","POST / – Tạo/cập nhật cấu hình GVHD cho đợt (Admin)"],"duration":6,"failureDetails":[],"failureMessages":[],"fullName":"LecturerPeriodController POST / – Tạo/cập nhật cấu hình GVHD cho đợt (Admin) TC-LP-008: Trả về 401 khi không có token","invocations":1,"location":null,"numPassingAsserts":1,"retryReasons":[],"status":"passed","title":"TC-LP-008: Trả về 401 khi không có token"},{"ancestorTitles":["LecturerPeriodController","POST / – Tạo/cập nhật cấu hình GVHD cho đợt (Admin)"],"duration":3,"failureDetails":[],"failureMessages":[],"fullName":"LecturerPeriodController POST / – Tạo/cập nhật cấu hình GVHD cho đợt (Admin) TC-LP-009: Trả về 400 khi thiếu period_id","invocations":1,"location":null,"numPassingAsserts":2,"retryReasons":[],"status":"passed","title":"TC-LP-009: Trả về 400 khi thiếu period_id"},{"ancestorTitles":["LecturerPeriodController","POST / – Tạo/cập nhật cấu hình GVHD cho đợt (Admin)"],"duration":3,"failureDetails":[],"failureMessages":[],"fullName":"LecturerPeriodController POST / – Tạo/cập nhật cấu hình GVHD cho đợt (Admin) TC-LP-010: Trả về 400 khi thiếu lecturer_id","invocations":1,"location":null,"numPassingAsserts":2,"retryReasons":[],"status":"passed","title":"TC-LP-010: Trả về 400 khi thiếu lecturer_id"},{"ancestorTitles":["LecturerPeriodController","POST / – Tạo/cập nhật cấu hình GVHD cho đợt (Admin)"],"duration":2,"failureDetails":[],"failureMessages":[],"fullName":"LecturerPeriodController POST / – Tạo/cập nhật cấu hình GVHD cho đợt (Admin) TC-LP-011: Tạo/cập nhật cấu hình GVHD thành công","invocations":1,"location":null,"numPassingAsserts":2,"retryReasons":[],"status":"passed","title":"TC-LP-011: Tạo/cập nhật cấu hình GVHD thành công"},{"ancestorTitles":["LecturerPeriodController","POST / – Tạo/cập nhật cấu hình GVHD cho đợt (Admin)"],"duration":3,"failureDetails":[],"failureMessages":[],"fullName":"LecturerPeriodController POST / – Tạo/cập nhật cấu hình GVHD cho đợt (Admin) TC-LP-012: Dùng max_slots mặc định = 10 khi không truyền","invocations":1,"location":null,"numPassingAsserts":1,"retryReasons":[],"status":"passed","title":"TC-LP-012: Dùng max_slots mặc định = 10 khi không truyền"},{"ancestorTitles":["LecturerPeriodController","PUT /batch – Cập nhật hàng loạt GVHD (Admin)"],"duration":3,"failureDetails":[],"failureMessages":[],"fullName":"LecturerPeriodController PUT /batch – Cập nhật hàng loạt GVHD (Admin) TC-LP-013: Trả về 400 khi thiếu period_id","invocations":1,"location":null,"numPassingAsserts":2,"retryReasons":[],"status":"passed","title":"TC-LP-013: Trả về 400 khi thiếu period_id"},{"ancestorTitles":["LecturerPeriodController","PUT /batch – Cập nhật hàng loạt GVHD (Admin)"],"duration":2,"failureDetails":[],"failureMessages":[],"fullName":"LecturerPeriodController PUT /batch – Cập nhật hàng loạt GVHD (Admin) TC-LP-014: Trả về 400 khi lecturers không phải mảng","invocations":1,"location":null,"numPassingAsserts":2,"retryReasons":[],"status":"passed","title":"TC-LP-014: Trả về 400 khi lecturers không phải mảng"},{"ancestorTitles":["LecturerPeriodController","PUT /batch – Cập nhật hàng loạt GVHD (Admin)"],"duration":3,"failureDetails":[],"failureMessages":[],"fullName":"LecturerPeriodController PUT /batch – Cập nhật hàng loạt GVHD (Admin) TC-LP-015: Cập nhật hàng loạt thành công với mảng GVHD hợp lệ","invocations":1,"location":null,"numPassingAsserts":3,"retryReasons":[],"status":"passed","title":"TC-LP-015: Cập nhật hàng loạt thành công với mảng GVHD hợp lệ"},{"ancestorTitles":["LecturerPeriodController","PUT /batch – Cập nhật hàng loạt GVHD (Admin)"],"duration":9,"failureDetails":[],"failureMessages":[],"fullName":"LecturerPeriodController PUT /batch – Cập nhật hàng loạt GVHD (Admin) TC-LP-016: Rollback transaction khi có lỗi trong batch update","invocations":1,"location":null,"numPassingAsserts":2,"retryReasons":[],"status":"passed","title":"TC-LP-016: Rollback transaction khi có lỗi trong batch update"}],"endTime":1776851540208,"message":"","name":"C:\\Users\\ADMIN\\information_portal\\server\\tests\\lecturerPeriodController.test.js","startTime":1776851540077,"status":"passed","summary":""},{"assertionResults":[{"ancestorTitles":["validateInternshipPeriod Middleware"],"duration":6,"failureDetails":[],"failureMessages":[],"fullName":"validateInternshipPeriod Middleware TC-VIP-001: Cho qua khi end_date sau start_date (hợp lệ)","invocations":1,"location":null,"numPassingAsserts":2,"retryReasons":[],"status":"passed","title":"TC-VIP-001: Cho qua khi end_date sau start_date (hợp lệ)"},{"ancestorTitles":["validateInternshipPeriod Middleware"],"duration":2,"failureDetails":[],"failureMessages":[],"fullName":"validateInternshipPeriod Middleware TC-VIP-002: Cho qua khi chỉ truyền start_date (không có end_date)","invocations":1,"location":null,"numPassingAsserts":2,"retryReasons":[],"status":"passed","title":"TC-VIP-002: Cho qua khi chỉ truyền start_date (không có end_date)"},{"ancestorTitles":["validateInternshipPeriod Middleware"],"duration":3,"failureDetails":[],"failureMessages":[],"fullName":"validateInternshipPeriod Middleware TC-VIP-003: Cho qua khi không truyền cả hai ngày","invocations":1,"location":null,"numPassingAsserts":2,"retryReasons":[],"status":"passed","title":"TC-VIP-003: Cho qua khi không truyền cả hai ngày"},{"ancestorTitles":["validateInternshipPeriod Middleware"],"duration":2,"failureDetails":[],"failureMessages":[],"fullName":"validateInternshipPeriod Middleware TC-VIP-004: Trả về 400 khi end_date trước start_date","invocations":1,"location":null,"numPassingAsserts":2,"retryReasons":[],"status":"passed","title":"TC-VIP-004: Trả về 400 khi end_date trước start_date"},{"ancestorTitles":["validateInternshipPeriod Middleware"],"duration":5,"failureDetails":[],"failureMessages":[],"fullName":"validateInternshipPeriod Middleware TC-VIP-005: Trả về 400 khi end_date bằng start_date (cùng ngày)","invocations":1,"location":null,"numPassingAsserts":2,"retryReasons":[],"status":"passed","title":"TC-VIP-005: Trả về 400 khi end_date bằng start_date (cùng ngày)"},{"ancestorTitles":["validateInternshipPeriod Middleware"],"duration":3,"failureDetails":[],"failureMessages":[],"fullName":"validateInternshipPeriod Middleware TC-VIP-006: Trả về 400 khi start_date có định dạng không hợp lệ","invocations":1,"location":null,"numPassingAsserts":2,"retryReasons":[],"status":"passed","title":"TC-VIP-006: Trả về 400 khi start_date có định dạng không hợp lệ"},{"ancestorTitles":["validateInternshipPeriod Middleware"],"duration":2,"failureDetails":[],"failureMessages":[],"fullName":"validateInternshipPeriod Middleware TC-VIP-007: Trả về 400 khi end_date có định dạng không hợp lệ","invocations":1,"location":null,"numPassingAsserts":2,"retryReasons":[],"status":"passed","title":"TC-VIP-007: Trả về 400 khi end_date có định dạng không hợp lệ"}],"endTime":1776851540296,"message":"","name":"C:\\Users\\ADMIN\\information_portal\\server\\tests\\validateInternshipPeriod.test.js","startTime":1776851540211,"status":"passed","summary":""}],"wasInterrupted":false}
